<?xml version="1.0" encoding="UTF-8"?>
<!-- Generated by org.testng.reporters.JUnitReportReporter -->
<testsuite skipped="0" hostname="BNGLT-89KVRF2" name="apttus.LaunchBrowser" tests="2" failures="0" timestamp="21 May 2019 16:21:32 GMT" time="5.338" errors="0">
  <testcase name="gettitle" time="0.032" classname="apttus.LaunchBrowser"/>
  <testcase name="sendUserName" time="5.306" classname="apttus.LaunchBrowser"/>
</testsuite> <!-- apttus.LaunchBrowser -->
